<?xml version="1.0" encoding="UTF-8"?>
<!-- Generated by org.testng.reporters.JUnitXMLReporter -->
<testsuite hostname="RaushanLaptop" ignored="0" name="TimesheetReportingStatus" tests="2" failures="1" timestamp="2022-01-11T10:21:54 IST" time="63.161" errors="0">
  <testcase name="test_Login" time="33.917" classname="testCases.TC_001_LoginTC"/>
  <testcase name="test_Login" time="22.742" classname="testCases.TC_001_LoginTC">
    <failure type="java.lang.AssertionError" message="expected [true] but found [false]">
      <![CDATA[java.lang.AssertionError: expected [true] but found [false]
at testCases.TC_001_LoginTC.test_Login(TC_001_LoginTC.java:38)
at java.util.ArrayList.forEach(ArrayList.java:1259)
... Removed 31 stack frames]]>
    </failure>
  </testcase> <!-- test_Login -->
</testsuite> <!-- TimesheetReportingStatus -->
