<?xml version="1.0" encoding="UTF-8"?>
<!-- Generated by org.testng.reporters.JUnitXMLReporter -->
<testsuite hostname="RaushanLaptop" ignored="0" name="TimesheetReportingStatus" tests="4" failures="2" timestamp="2022-01-16T11:35:18 IST" time="127.759" errors="0">
  <testcase name="view_Timesheet" time="85.655" classname="testCases.TC_002_ViewTimesheet"/>
  <testcase name="view_Timesheet" time="0.004" classname="testCases.TC_002_ViewTimesheet">
    <failure type="java.lang.AssertionError" message="null">
      <![CDATA[java.lang.AssertionError: null
at testCases.TC_002_ViewTimesheet.view_Timesheet(TC_002_ViewTimesheet.java:75)
at java.util.ArrayList.forEach(ArrayList.java:1259)
... Removed 33 stack frames]]>
    </failure>
  </testcase> <!-- view_Timesheet -->
  <testcase name="test_Login" time="12.41" classname="testCases.TC_001_LoginTC"/>
  <testcase name="test_Login" time="21.307" classname="testCases.TC_001_LoginTC">
    <failure type="java.lang.AssertionError" message="expected [true] but found [false]">
      <![CDATA[java.lang.AssertionError: expected [true] but found [false]
at testCases.TC_001_LoginTC.test_Login(TC_001_LoginTC.java:38)
at java.util.ArrayList.forEach(ArrayList.java:1259)
... Removed 35 stack frames]]>
    </failure>
  </testcase> <!-- test_Login -->
</testsuite> <!-- TimesheetReportingStatus -->
